Usando la configuración de inicio de Empleado.Api\Properties\launchSettings.json...
Compilando...
fail: Microsoft.EntityFrameworkCore.Database.Command[20102]
      Failed executing DbCommand (42ms) [Parameters=[], CommandType='Text', CommandTimeout='30']
      SELECT migration_id, product_version
      FROM "__EFMigrationsHistory"
      ORDER BY migration_id;
info: Microsoft.EntityFrameworkCore.Database.Command[20101]
      Executed DbCommand (14ms) [Parameters=[], CommandType='Text', CommandTimeout='30']
      SELECT 1
info: Microsoft.EntityFrameworkCore.Database.Command[20101]
      Executed DbCommand (45ms) [Parameters=[], CommandType='Text', CommandTimeout='30']
      CREATE TABLE IF NOT EXISTS "__EFMigrationsHistory" (
          migration_id character varying(150) NOT NULL,
          product_version character varying(32) NOT NULL,
          CONSTRAINT pk___ef_migrations_history PRIMARY KEY (migration_id)
      );
info: Microsoft.EntityFrameworkCore.Database.Command[20101]
      Executed DbCommand (2ms) [Parameters=[], CommandType='Text', CommandTimeout='30']
      LOCK TABLE "__EFMigrationsHistory" IN ACCESS EXCLUSIVE MODE
info: Microsoft.EntityFrameworkCore.Database.Command[20101]
      Executed DbCommand (5ms) [Parameters=[], CommandType='Text', CommandTimeout='30']
      SELECT migration_id, product_version
      FROM "__EFMigrationsHistory"
      ORDER BY migration_id;
info: Microsoft.EntityFrameworkCore.Migrations[20402]
      Applying migration '20260430014400_InitialCreate'.
info: Microsoft.EntityFrameworkCore.Database.Command[20101]
      Executed DbCommand (51ms) [Parameters=[], CommandType='Text', CommandTimeout='30']
      CREATE TABLE cargos (
          id uuid NOT NULL,
          nombre character varying(100) NOT NULL,
          CONSTRAINT pk_cargos PRIMARY KEY (id)
      );
info: Microsoft.EntityFrameworkCore.Database.Command[20101]
      Executed DbCommand (69ms) [Parameters=[], CommandType='Text', CommandTimeout='30']
      CREATE TABLE empleados (
          id uuid NOT NULL,
          nombre_completo_nombres character varying(100) NOT NULL,
          nombre_completo_apellido_paterno character varying(50) NOT NULL,
          nombre_completo_apellido_materno character varying(50),
          numero_documento_valor character varying(12) NOT NULL,
          numero_documento_tipo text NOT NULL,
          correo_empresarial character varying(100) NOT NULL,
          salario_monto numeric(18,2) NOT NULL,
          salario_moneda character varying(3) NOT NULL,
          codigo_empleado character varying(60) NOT NULL,
          fecha_ingreso timestamp with time zone NOT NULL,
          estado text NOT NULL,
          cargo_id uuid NOT NULL,
          CONSTRAINT pk_empleados PRIMARY KEY (id),
          CONSTRAINT fk_empleados_cargos_cargo_id FOREIGN KEY (cargo_id) REFERENCES cargos (id) ON DELETE CASCADE
      );
info: Microsoft.EntityFrameworkCore.Database.Command[20101]
      Executed DbCommand (41ms) [Parameters=[], CommandType='Text', CommandTimeout='30']
      CREATE INDEX ix_empleados_cargo_id ON empleados (cargo_id);
info: Microsoft.EntityFrameworkCore.Database.Command[20101]
      Executed DbCommand (33ms) [Parameters=[], CommandType='Text', CommandTimeout='30']
      CREATE UNIQUE INDEX ix_empleados_codigo_empleado ON empleados (codigo_empleado);
info: Microsoft.EntityFrameworkCore.Database.Command[20101]
      Executed DbCommand (44ms) [Parameters=[], CommandType='Text', CommandTimeout='30']
      CREATE UNIQUE INDEX ix_empleados_correo_empresarial ON empleados (correo_empresarial);
info: Microsoft.EntityFrameworkCore.Database.Command[20101]
      Executed DbCommand (2ms) [Parameters=[], CommandType='Text', CommandTimeout='30']
      INSERT INTO "__EFMigrationsHistory" (migration_id, product_version)
      VALUES ('20260430014400_InitialCreate', '10.0.7');
info: Microsoft.Hosting.Lifetime[14]
      Now listening on: http://localhost:5075
info: Microsoft.Hosting.Lifetime[0]
      Application started. Press Ctrl+C to shut down.
info: Microsoft.Hosting.Lifetime[0]
      Hosting environment: Development
info: Microsoft.Hosting.Lifetime[0]
      Content root path: D:\desarrollo\Cibertec\Clase 05\Empleado\Empleado.Api
